0 info it worked if it ends with ok
1 verbose cli [ '/Users/hychen/.nvm/versions/node/v6.1.0/bin/node',
1 verbose cli   '/Users/hychen/.nvm/versions/node/v6.1.0/bin/npm',
1 verbose cli   'publish' ]
2 info using npm@3.8.6
3 info using node@v6.1.0
4 verbose publish [ '.' ]
5 verbose stack Error: Invalid version: "0.6"
5 verbose stack     at Object.module.exports.fixVersionField (/Users/hychen/.nvm/versions/node/v6.1.0/lib/node_modules/npm/node_modules/normalize-package-data/lib/fixer.js:191:13)
5 verbose stack     at /Users/hychen/.nvm/versions/node/v6.1.0/lib/node_modules/npm/node_modules/normalize-package-data/lib/normalize.js:32:38
5 verbose stack     at Array.forEach (native)
5 verbose stack     at normalize (/Users/hychen/.nvm/versions/node/v6.1.0/lib/node_modules/npm/node_modules/normalize-package-data/lib/normalize.js:31:15)
5 verbose stack     at final (/Users/hychen/.nvm/versions/node/v6.1.0/lib/node_modules/npm/node_modules/read-package-json/read-json.js:338:5)
5 verbose stack     at then (/Users/hychen/.nvm/versions/node/v6.1.0/lib/node_modules/npm/node_modules/read-package-json/read-json.js:113:5)
5 verbose stack     at /Users/hychen/.nvm/versions/node/v6.1.0/lib/node_modules/npm/node_modules/read-package-json/read-json.js:300:12
5 verbose stack     at /Users/hychen/.nvm/versions/node/v6.1.0/lib/node_modules/npm/node_modules/graceful-fs/graceful-fs.js:78:16
5 verbose stack     at tryToString (fs.js:449:3)
5 verbose stack     at FSReqWrap.readFileAfterClose [as oncomplete] (fs.js:436:12)
6 verbose cwd /Users/hychen/github/hychen/ke-e
7 error Darwin 14.5.0
8 error argv "/Users/hychen/.nvm/versions/node/v6.1.0/bin/node" "/Users/hychen/.nvm/versions/node/v6.1.0/bin/npm" "publish"
9 error node v6.1.0
10 error npm  v3.8.6
11 error Invalid version: "0.6"
12 error If you need help, you may report this error at:
12 error     <https://github.com/npm/npm/issues>
13 verbose exit [ 1, true ]
